<?xml version="1.0" encoding="UTF-8"?>
<testng-results skipped="0" failed="0" ignored="0" total="0" passed="0">
  <reporter-output>
  </reporter-output>
  <suite name="TestHome" duration-ms="22" started-at="2018-12-30T15:48:29Z" finished-at="2018-12-30T15:48:29Z">
    <groups>
    </groups>
    <test name="Command line test" duration-ms="22" started-at="2018-12-30T15:48:29Z" finished-at="2018-12-30T15:48:29Z">
    </test> <!-- Command line test -->
  </suite> <!-- TestHome -->
</testng-results>
